[2023-03-08 18:20:54,888] Starting PeakFilter. Input dataframe ("Mx_pos.csv") has 2062 rows.
[2023-03-08 18:20:54,961] Empty frames after Outlier Correction: removed 223 rows. IDs: 6,17,97,98,141,148,152,153,154,169,170,199,200,205,206,211,229,288,290,304,305,312,314,318,335,336,349,350,351,352,358,373,385,386,420,421,430,433,438,461,462,464,466,484,515,589,593,624,634,636,637,640,666,667,668,669,670,671,672,673,674,675,676,697,703,705,725,760,809,813,882,890,891,893,896,1055,1075,1084,1086,1101,1102,1107,1117,1118,1119,1120,1126,1133,1136,1165,1168,1172,1173,1195,1198,1199,1202,1205,1206,1229,1250,1251,1252,1277,1290,1292,1295,1296,1317,1322,1323,1324,1349,1352,1360,1368,1369,1378,1421,1424,1443,1447,1450,1463,1468,1469,1475,1478,1481,1484,1488,1490,1492,1493,1495,1498,1499,1504,1514,1515,1533,1540,1544,1574,1575,1590,1593,1594,1595,1596,1597,1629,1630,1632,1644,1649,1655,1661,1700,1702,1706,1710,1713,1770,1805,1806,1807,1809,1810,1812,1815,1818,1841,1842,1843,1848,1849,1850,1858,1860,1862,1870,1871,1872,1873,1875,1885,1894,1911,1912,1914,1916,1917,1920,1925,1926,1931,1932,1935,1945,1946,1952,1953,1956,1957,1972,1973,1975,1978,1979,1982,1986,1988,2020,2021,2023,2027,2029,2032,2034,2036,2059,2062
[2023-03-08 18:20:55,132] Solvent removal: removed 11 rows. IDs: 82,84,89,276,371,535,536,853,949,1037,1731
[2023-03-08 18:20:55,137] Background correction: removed 1 rows. IDs: 1291
[2023-03-08 18:20:55,814] In-source fragment removal (neutral loss): removed 84 rows. IDs: 22,100,262,424,491,563,602,627,692,717,730,734,741,774,777,821,862,868,913,931,958,961,970,973,975,1043,1065,1068,1078,1095,1097,1108,1146,1147,1148,1186,1189,1212,1219,1220,1232,1233,1236,1238,1243,1257,1271,1305,1309,1312,1318,1320,1326,1327,1328,1329,1331,1375,1412,1420,1445,1446,1507,1510,1560,1562,1571,1573,1581,1599,1605,1614,1628,1631,1633,1635,1670,1693,1719,1822,1836,1855,1938,2019
[2023-03-08 18:20:55,830] Contaminants removal: removed 4 rows. IDs: 315,406,489,591
[2023-03-08 18:21:09,463] Adducts removal: removed 81 rows. IDs: 26,64,104,107,114,144,164,171,177,244,284,286,302,362,383,391,402,417,456,457,460,497,498,527,572,625,631,632,633,690,691,728,763,770,776,781,837,844,850,861,865,866,872,874,875,877,895,960,1096,1106,1115,1244,1246,1264,1270,1304,1308,1397,1404,1428,1434,1486,1487,1529,1592,1612,1662,1663,1672,1674,1675,1683,1781,1782,1790,1830,1915,1948,1950,1954,2038
[2023-03-08 18:21:10,626] Stacks removal (lipid): removed 118 rows. IDs: 264,267,308,425,428,431,470,493,584,605,610,626,643,685,721,762,780,785,796,836,852,897,941,1025,1048,1052,1057,1072,1103,1112,1128,1154,1157,1181,1184,1204,1223,1239,1249,1265,1274,1281,1284,1294,1297,1307,1310,1313,1314,1330,1332,1333,1359,1365,1367,1396,1423,1449,1455,1476,1485,1489,1491,1494,1501,1524,1527,1549,1552,1555,1557,1585,1589,1609,1610,1626,1641,1653,1697,1705,1721,1724,1740,1742,1755,1763,1773,1778,1788,1795,1826,1829,1846,1852,1854,1865,1941,1949,1962,1963,1964,1966,1968,1970,1971,1977,1984,1999,2016,2017,2018,2043,2045,2047,2048,2049,2056,2060
[2023-03-08 18:21:10,627] Stacks removal (contaminant): removed 10 rows. IDs: 222,693,726,1191,1224,1389,1621,1673,1859,2022
[2023-03-08 18:21:14,939] Isotope removal (isotopes found in every sample): removed 31 rows. IDs: 31,218,220,380,585,699,754,771,804,828,832,838,884,889,1045,1064,1255,1343,1363,1437,1438,1613,1615,1617,1620,1695,1703,1711,1722,1777,1811
[2023-03-08 18:24:30,275] False Discovery Rate for selected data and parameters: 69.74%
[2023-03-08 18:24:30,336] PeakFilter completed. Output dataframe has 1499 rows.

[2023-03-08 18:26:44,528] Starting PeakFilter. Input dataframe ("Mx_neg.csv") has 1872 rows.
[2023-03-08 18:26:44,604] Empty frames after Outlier Correction: removed 199 rows. IDs: 2,16,23,75,76,77,78,79,93,112,121,144,145,146,147,148,176,177,178,179,180,182,183,184,191,192,209,221,223,225,269,270,271,272,321,327,348,351,352,364,365,366,371,384,421,441,442,448,451,455,456,457,462,463,464,496,497,498,500,514,518,519,525,526,527,528,530,547,548,550,554,559,571,573,574,575,576,577,579,585,586,588,593,594,595,596,597,601,602,604,620,621,622,629,634,656,660,678,692,702,703,740,741,751,752,789,790,808,811,812,813,831,861,865,868,960,979,980,1014,1017,1048,1060,1073,1074,1088,1089,1090,1091,1092,1093,1104,1116,1127,1128,1129,1138,1170,1173,1178,1179,1196,1202,1233,1240,1274,1275,1276,1277,1278,1279,1318,1357,1360,1372,1381,1407,1413,1425,1430,1432,1433,1437,1459,1471,1500,1501,1504,1510,1536,1542,1546,1547,1548,1553,1556,1558,1576,1592,1631,1638,1673,1702,1708,1721,1725,1741,1745,1747,1750,1752,1754,1760,1762,1766,1772,1774,1797,1816,1833
[2023-03-08 18:26:44,763] Solvent removal: removed 34 rows. IDs: 89,102,103,104,120,126,135,171,185,190,234,240,243,253,256,258,268,277,324,343,344,386,443,445,454,534,536,538,804,815,1115,1169,1273,1331
[2023-03-08 18:26:44,768] Background correction: removed 6 rows. IDs: 189,218,219,350,461,480
[2023-03-08 18:26:44,791] In-source fragment removal (fragments): removed 9 rows. IDs: 293,294,295,296,297,356,360,361,363
[2023-03-08 18:26:45,334] In-source fragment removal (neutral loss): removed 45 rows. IDs: 520,652,661,706,711,734,743,753,835,840,881,895,945,947,973,991,997,1024,1028,1034,1046,1080,1082,1105,1161,1188,1239,1291,1336,1387,1391,1394,1404,1449,1516,1566,1606,1651,1681,1685,1686,1719,1720,1737,1775
[2023-03-08 18:26:53,530] Adducts removal: removed 77 rows. IDs: 19,216,217,278,402,403,408,484,501,551,558,642,648,683,686,724,757,759,767,795,798,801,816,817,829,842,846,850,869,870,900,902,921,927,935,948,975,988,992,994,999,1044,1083,1084,1163,1165,1203,1208,1211,1249,1262,1264,1306,1321,1325,1328,1330,1339,1363,1388,1435,1525,1528,1532,1537,1567,1568,1578,1634,1649,1650,1656,1659,1682,1744,1773,1795
[2023-03-08 18:26:54,451] Stacks removal (lipid): removed 117 rows. IDs: 202,239,244,246,393,406,413,428,485,522,529,625,640,643,651,714,760,769,830,834,838,849,863,879,884,890,933,934,949,951,966,969,971,977,986,996,998,1003,1026,1041,1042,1085,1095,1096,1108,1132,1134,1135,1139,1150,1152,1160,1162,1167,1187,1191,1200,1204,1238,1241,1243,1284,1294,1296,1297,1307,1326,1335,1338,1342,1368,1373,1382,1385,1427,1428,1431,1450,1461,1462,1463,1465,1474,1496,1505,1520,1549,1554,1561,1564,1602,1604,1609,1645,1652,1653,1654,1658,1662,1676,1683,1690,1700,1703,1714,1717,1742,1763,1770,1777,1781,1804,1810,1814,1830,1844,1849
[2023-03-08 18:26:54,452] Stacks removal (contaminant): removed 18 rows. IDs: 113,688,778,919,1061,1190,1255,1370,1396,1439,1550,1580,1620,1701,1722,1748,1828,1859
[2023-03-08 18:26:58,018] Isotope removal (isotopes found in every sample): removed 58 rows. IDs: 66,80,205,210,285,313,315,367,414,446,469,492,512,598,615,635,674,681,704,710,730,739,768,775,825,827,891,915,925,1035,1078,1118,1122,1166,1171,1176,1193,1220,1226,1251,1252,1280,1289,1355,1472,1478,1482,1486,1491,1519,1521,1522,1597,1605,1648,1803,1813,1870
[2023-03-08 18:26:58,109] Mass defect filter: removed 4 rows. IDs: 25,92,878,1022
[2023-03-08 18:29:21,383] False Discovery Rate for selected data and parameters: 94.41%
[2023-03-08 18:29:21,485] PeakFilter completed. Output dataframe has 1305 rows.

